<?xml version="1.0" encoding="UTF-8"?>
<testng-results skipped="0" failed="0" total="1" passed="1">
  <reporter-output>
  </reporter-output>
  <suite name="Default suite" duration-ms="184062" started-at="2019-07-28T07:17:32Z" finished-at="2019-07-28T07:20:36Z">
    <groups>
      <group name="cucumber">
        <method signature="TestRunner.feature(cucumber.api.testng.CucumberFeatureWrapper)[pri:0, instance:suvi.selmavtest.TestRunner@68c4039c]" name="feature" class="suvi.selmavtest.TestRunner"/>
      </group> <!-- cucumber -->
    </groups>
    <test name="Default test" duration-ms="184062" started-at="2019-07-28T07:17:32Z" finished-at="2019-07-28T07:20:36Z">
      <class name="suvi.selmavtest.TestRunner">
        <test-method status="PASS" signature="setUpClass()[pri:0, instance:suvi.selmavtest.TestRunner@68c4039c]" name="setUpClass" is-config="true" duration-ms="10399" started-at="2019-07-28T02:17:32Z" finished-at="2019-07-28T02:17:42Z">
          <reporter-output>
          </reporter-output>
        </test-method> <!-- setUpClass -->
        <test-method status="PASS" signature="feature(cucumber.api.testng.CucumberFeatureWrapper)[pri:0, instance:suvi.selmavtest.TestRunner@68c4039c]" name="feature" duration-ms="171810" started-at="2019-07-28T02:17:43Z" description="Runs Cucumber Feature" data-provider="features" finished-at="2019-07-28T02:20:34Z">
          <params>
            <param index="0">
              <value>
                <![CDATA[Verifying Login functionality]]>
              </value>
            </param>
          </params>
          <reporter-output>
          </reporter-output>
        </test-method> <!-- feature -->
        <test-method status="PASS" signature="tearDownClass()[pri:0, instance:suvi.selmavtest.TestRunner@68c4039c]" name="tearDownClass" is-config="true" duration-ms="1313" started-at="2019-07-28T02:20:34Z" finished-at="2019-07-28T02:20:36Z">
          <reporter-output>
          </reporter-output>
        </test-method> <!-- tearDownClass -->
      </class> <!-- suvi.selmavtest.TestRunner -->
    </test> <!-- Default test -->
  </suite> <!-- Default suite -->
</testng-results>
